<?xml version="1.0" encoding="UTF-8"?>
<!-- Generated by org.testng.reporters.JUnitXMLReporter -->
<testsuite hostname="DESKTOP-VCAD1FM" name="Default test" tests="6" failures="0" timestamp="11 May 2019 17:59:56 GMT" time="0.045" errors="0">
  <testcase name="test1" time="0.011" classname="testnge2e.factory.Test1"/>
  <testcase name="test1" time="0.011" classname="testnge2e.factory.Test1"/>
  <testcase name="test1" time="0.002" classname="testnge2e.factory.Test1"/>
  <testcase name="test1" time="0.002" classname="testnge2e.factory.Test1"/>
  <testcase name="test2" time="0.003" classname="testnge2e.factory.Test2"/>
  <testcase name="test2" time="0.003" classname="testnge2e.factory.Test2"/>
</testsuite> <!-- Default test -->
