<?xml version="1.0" encoding="UTF-8"?>
<testng-results skipped="0" failed="0" total="3" passed="3">
  <reporter-output>
  </reporter-output>
  <suite name="Default suite" duration-ms="45" started-at="2019-05-11T17:59:56Z" finished-at="2019-05-11T17:59:56Z">
    <groups>
    </groups>
    <test name="Default test" duration-ms="45" started-at="2019-05-11T17:59:56Z" finished-at="2019-05-11T17:59:56Z">
      <class name="testnge2e.factory.Test2">
        <test-method status="PASS" signature="test2()[pri:0, instance:testnge2e.factory.Test2@4c70fda8]" name="test2" duration-ms="3" started-at="2019-05-11T10:59:56Z" finished-at="2019-05-11T10:59:56Z">
          <reporter-output>
          </reporter-output>
        </test-method> <!-- test2 -->
      </class> <!-- testnge2e.factory.Test2 -->
      <class name="testnge2e.factory.Test1">
        <test-method status="PASS" signature="test1()[pri:0, instance:testnge2e.factory.Test1@4b9e13df]" name="test1" duration-ms="11" started-at="2019-05-11T10:59:56Z" finished-at="2019-05-11T10:59:56Z">
          <reporter-output>
          </reporter-output>
        </test-method> <!-- test1 -->
        <test-method status="PASS" signature="test1()[pri:0, instance:testnge2e.factory.Test1@cb5822]" name="test1" duration-ms="2" started-at="2019-05-11T10:59:56Z" finished-at="2019-05-11T10:59:56Z">
          <reporter-output>
          </reporter-output>
        </test-method> <!-- test1 -->
      </class> <!-- testnge2e.factory.Test1 -->
    </test> <!-- Default test -->
  </suite> <!-- Default suite -->
</testng-results>
